<?xml version="1.0" encoding="UTF-8"?>
<!-- Generated by org.testng.reporters.JUnitXMLReporter -->
<testsuite hostname="ENOS" name="testing" tests="4" failures="1" timestamp="23 Jan 2013 14:04:38 GMT" time="0.026" errors="0">
  <testcase name="test1" time="0.009" classname="net.sf.cram.TestCramTools"/>
  <testcase name="test2" time="0.002" classname="net.sf.cram.TestCramTools"/>
  <testcase name="test2" time="0.001" classname="net.sf.cram.TestCramTools">
    <failure type="java.lang.AssertionError" message="expected [false] but found [true]">
      <![CDATA[java.lang.AssertionError: expected [false] but found [true]
	at net.sf.cram.TestCramTools.test2(TestCramTools.java:22)
... Removed 28 stack frames]]>
    </failure>
  </testcase> <!-- test2 -->
  <testcase name="test3" time="0.0" classname="net.sf.cram.TestCramTools">
    <skipped/>
  </testcase> <!-- test3 -->
</testsuite> <!-- testing -->
