<?xml version="1.0" encoding="UTF-8"?>
<!-- Generated by org.testng.reporters.JUnitXMLReporter -->
<testsuite hostname="ENOS" name="Default test" tests="2" failures="0" timestamp="23 Jan 2013 11:52:30 GMT" time="0.015" errors="0">
  <testcase name="test1" time="0.003" classname="net.sf.cram.TestCramTools">
    <skipped/>
  </testcase> <!-- test1 -->
  <testcase name="test2" time="0.001" classname="net.sf.cram.TestCramTools">
    <skipped/>
  </testcase> <!-- test2 -->
</testsuite> <!-- Default test -->
